2017-08-03 15:58:19.653  INFO 10940 --- [main] com.example.demo.TestApplication         : Starting TestApplication on v_aytzhang-PC0 with PID 10940 (E:\test\target\classes started by v_aytzhang in E:\test)
2017-08-03 15:58:19.655  INFO 10940 --- [main] com.example.demo.TestApplication         : No active profile set, falling back to default profiles: default
2017-08-03 15:58:19.684  INFO 10940 --- [main] ationConfigEmbeddedWebApplicationContext : Refreshing org.springframework.boot.context.embedded.AnnotationConfigEmbeddedWebApplicationContext@6eceb130: startup date [Thu Aug 03 15:58:19 GMT+08:00 2017]; root of context hierarchy
2017-08-03 15:58:20.605  INFO 10940 --- [main] s.b.c.e.t.TomcatEmbeddedServletContainer : Tomcat initialized with port(s): 8080 (http)
2017-08-03 15:58:20.612  INFO 10940 --- [main] o.apache.catalina.core.StandardService   : Starting service [Tomcat]
2017-08-03 15:58:20.613  INFO 10940 --- [main] org.apache.catalina.core.StandardEngine  : Starting Servlet Engine: Apache Tomcat/8.5.16
2017-08-03 15:58:20.691  INFO 10940 --- [localhost-startStop-1] o.a.c.c.C.[Tomcat].[localhost].[/]       : Initializing Spring embedded WebApplicationContext
2017-08-03 15:58:20.691  INFO 10940 --- [localhost-startStop-1] o.s.web.context.ContextLoader            : Root WebApplicationContext: initialization completed in 1010 ms
2017-08-03 15:58:20.773  INFO 10940 --- [localhost-startStop-1] o.s.b.w.servlet.ServletRegistrationBean  : Mapping servlet: 'dispatcherServlet' to [/]
2017-08-03 15:58:20.776  INFO 10940 --- [localhost-startStop-1] o.s.b.w.servlet.FilterRegistrationBean   : Mapping filter: 'characterEncodingFilter' to: [/*]
2017-08-03 15:58:20.776  INFO 10940 --- [localhost-startStop-1] o.s.b.w.servlet.FilterRegistrationBean   : Mapping filter: 'hiddenHttpMethodFilter' to: [/*]
2017-08-03 15:58:20.776  INFO 10940 --- [localhost-startStop-1] o.s.b.w.servlet.FilterRegistrationBean   : Mapping filter: 'httpPutFormContentFilter' to: [/*]
2017-08-03 15:58:20.776  INFO 10940 --- [localhost-startStop-1] o.s.b.w.servlet.FilterRegistrationBean   : Mapping filter: 'requestContextFilter' to: [/*]
2017-08-03 15:58:20.984  INFO 10940 --- [main] s.w.s.m.m.a.RequestMappingHandlerAdapter : Looking for @ControllerAdvice: org.springframework.boot.context.embedded.AnnotationConfigEmbeddedWebApplicationContext@6eceb130: startup date [Thu Aug 03 15:58:19 GMT+08:00 2017]; root of context hierarchy
2017-08-03 15:58:21.026  INFO 10940 --- [main] s.w.s.m.m.a.RequestMappingHandlerMapping : Mapped "{[/api/callback],methods=[POST],produces=[application/json;charset=UTF-8]}" onto public org.springframework.http.ResponseEntity<com.example.demo.Callback> com.example.demo.controller.ApiController.callback(javax.servlet.http.HttpServletRequest)
2017-08-03 15:58:21.028  INFO 10940 --- [main] s.w.s.m.m.a.RequestMappingHandlerMapping : Mapped "{[/error]}" onto public org.springframework.http.ResponseEntity<java.util.Map<java.lang.String, java.lang.Object>> org.springframework.boot.autoconfigure.web.BasicErrorController.error(javax.servlet.http.HttpServletRequest)
2017-08-03 15:58:21.028  INFO 10940 --- [main] s.w.s.m.m.a.RequestMappingHandlerMapping : Mapped "{[/error],produces=[text/html]}" onto public org.springframework.web.servlet.ModelAndView org.springframework.boot.autoconfigure.web.BasicErrorController.errorHtml(javax.servlet.http.HttpServletRequest,javax.servlet.http.HttpServletResponse)
2017-08-03 15:58:21.047  INFO 10940 --- [main] o.s.w.s.handler.SimpleUrlHandlerMapping  : Mapped URL path [/webjars/**] onto handler of type [class org.springframework.web.servlet.resource.ResourceHttpRequestHandler]
2017-08-03 15:58:21.048  INFO 10940 --- [main] o.s.w.s.handler.SimpleUrlHandlerMapping  : Mapped URL path [/**] onto handler of type [class org.springframework.web.servlet.resource.ResourceHttpRequestHandler]
2017-08-03 15:58:21.070  INFO 10940 --- [main] o.s.w.s.handler.SimpleUrlHandlerMapping  : Mapped URL path [/**/favicon.ico] onto handler of type [class org.springframework.web.servlet.resource.ResourceHttpRequestHandler]
2017-08-03 15:58:21.154  INFO 10940 --- [main] o.s.j.e.a.AnnotationMBeanExporter        : Registering beans for JMX exposure on startup
2017-08-03 15:58:21.195  INFO 10940 --- [main] s.b.c.e.t.TomcatEmbeddedServletContainer : Tomcat started on port(s): 8080 (http)
2017-08-03 15:58:21.199  INFO 10940 --- [main] com.example.demo.TestApplication         : Started TestApplication in 1.784 seconds (JVM running for 2.066)
2017-08-03 15:58:23.091  INFO 10940 --- [http-nio-8080-exec-1] o.a.c.c.C.[Tomcat].[localhost].[/]       : Initializing Spring FrameworkServlet 'dispatcherServlet'
2017-08-03 15:58:23.091  INFO 10940 --- [http-nio-8080-exec-1] o.s.web.servlet.DispatcherServlet        : FrameworkServlet 'dispatcherServlet': initialization started
2017-08-03 15:58:23.103  INFO 10940 --- [http-nio-8080-exec-1] o.s.web.servlet.DispatcherServlet        : FrameworkServlet 'dispatcherServlet': initialization completed in 12 ms
